<?xml version="1.0" encoding="UTF-8"?>
<testsuite name="ArmstrongNumbersTest" tests="9" skipped="0" failures="0" errors="0" timestamp="2020-10-22T19:57:12" hostname="DESKTOP-HAL4MHS" time="0.004">
  <properties/>
  <testcase name="threeDigitNumberIsNotArmstrongNumber" classname="ArmstrongNumbersTest" time="0.003"/>
  <testcase name="sevenDigitNumberIsNotArmstrongNumber" classname="ArmstrongNumbersTest" time="0.0"/>
  <testcase name="noTwoDigitArmstrongNumbers" classname="ArmstrongNumbersTest" time="0.0"/>
  <testcase name="singleDigitsAreArmstrongNumbers" classname="ArmstrongNumbersTest" time="0.0"/>
  <testcase name="zeroIsArmstrongNumber" classname="ArmstrongNumbersTest" time="0.0"/>
  <testcase name="sevenDigitNumberIsArmstrongNumber" classname="ArmstrongNumbersTest" time="0.0"/>
  <testcase name="fourDigitNumberIsNotArmstrongNumber" classname="ArmstrongNumbersTest" time="0.0"/>
  <testcase name="fourDigitNumberIsArmstrongNumber" classname="ArmstrongNumbersTest" time="0.0"/>
  <testcase name="threeDigitNumberIsArmstrongNumber" classname="ArmstrongNumbersTest" time="0.0"/>
  <system-out><![CDATA[]]></system-out>
  <system-err><![CDATA[]]></system-err>
</testsuite>
